mode: set
github.com/ybotet/pz15-tests/internal/service/service.go:11.34,13.2 1 1
github.com/ybotet/pz15-tests/internal/service/service.go:16.62,18.16 2 1
github.com/ybotet/pz15-tests/internal/service/service.go:18.16,20.3 1 1
github.com/ybotet/pz15-tests/internal/service/service.go:21.2,21.21 1 1
github.com/ybotet/pz15-tests/internal/service/service.go:25.67,28.35 2 1
github.com/ybotet/pz15-tests/internal/service/service.go:28.35,30.3 1 1
github.com/ybotet/pz15-tests/internal/service/service.go:34.2,41.16 3 1
github.com/ybotet/pz15-tests/internal/service/service.go:41.16,43.3 1 1
github.com/ybotet/pz15-tests/internal/service/service.go:45.2,45.21 1 1
github.com/ybotet/pz15-tests/internal/service/service.go:49.25,52.2 1 1
github.com/ybotet/pz15-tests/internal/stringsx/stringsx.go:4.37,5.13 1 1
github.com/ybotet/pz15-tests/internal/stringsx/stringsx.go:5.13,7.3 1 1
github.com/ybotet/pz15-tests/internal/stringsx/stringsx.go:8.2,8.19 1 1
github.com/ybotet/pz15-tests/internal/stringsx/stringsx.go:8.19,10.3 1 1
github.com/ybotet/pz15-tests/internal/stringsx/stringsx.go:11.2,11.16 1 1
github.com/ybotet/pz15-tests/internal/mathx/mathx.go:5.24,5.40 1 1
github.com/ybotet/pz15-tests/internal/mathx/mathx.go:7.36,8.12 1 1
github.com/ybotet/pz15-tests/internal/mathx/mathx.go:8.12,10.3 1 1
github.com/ybotet/pz15-tests/internal/mathx/mathx.go:11.2,11.19 1 1
